mode: set
repub/internal/repository/storage/local.go:18.62,20.2 1 0
repub/internal/repository/storage/local.go:22.87,24.2 1 0
repub/internal/repository/storage/local.go:26.73,28.2 1 0
repub/internal/repository/storage/local.go:30.53,32.2 1 0
repub/internal/repository/storage/local.go:34.66,36.2 1 0
repub/internal/repository/storage/local.go:38.53,40.2 1 1
repub/internal/repository/storage/local.go:42.82,47.2 1 1
repub/internal/repository/storage/local.go:49.91,51.49 2 1
repub/internal/repository/storage/local.go:51.49,53.3 1 0
repub/internal/repository/storage/local.go:55.2,58.57 3 1
repub/internal/repository/storage/local.go:58.57,60.3 1 0
repub/internal/repository/storage/local.go:62.2,62.18 1 1
repub/internal/repository/storage/local.go:65.60,67.16 2 1
repub/internal/repository/storage/local.go:67.16,69.3 1 1
repub/internal/repository/storage/local.go:70.2,70.15 1 1
repub/internal/repository/storage/local.go:70.15,71.48 1 1
repub/internal/repository/storage/local.go:71.48,75.4 1 0
repub/internal/repository/storage/local.go:77.2,77.25 1 1
repub/internal/repository/storage/local.go:80.73,82.2 1 1
repub/internal/repository/storage/local.go:84.52,87.2 2 1
repub/internal/repository/storage/local.go:89.53,91.2 1 1
repub/internal/service/auth.go:27.35,43.2 1 1
repub/internal/service/auth.go:45.87,46.17 1 1
repub/internal/service/auth.go:46.17,48.3 1 1
repub/internal/service/auth.go:51.2,51.41 1 1
repub/internal/service/auth.go:51.41,52.73 1 1
repub/internal/service/auth.go:52.73,54.4 1 1
repub/internal/service/auth.go:57.2,57.41 1 1
repub/internal/service/auth.go:60.98,61.22 1 1
repub/internal/service/auth.go:61.22,63.3 1 1
repub/internal/service/auth.go:66.2,66.47 1 1
repub/internal/service/auth.go:66.47,68.3 1 1
repub/internal/service/auth.go:70.2,71.36 2 1
repub/internal/service/pub.go:30.132,37.2 1 1
repub/internal/service/pub.go:39.104,41.16 2 1
repub/internal/service/pub.go:41.16,43.3 1 1
repub/internal/service/pub.go:44.2,44.16 1 1
repub/internal/service/pub.go:44.16,46.3 1 1
repub/internal/service/pub.go:48.2,49.16 2 1
repub/internal/service/pub.go:49.16,51.3 1 0
repub/internal/service/pub.go:53.2,53.24 1 1
repub/internal/service/pub.go:53.24,55.3 1 1
repub/internal/service/pub.go:58.2,59.29 2 1
repub/internal/service/pub.go:59.29,61.3 1 1
repub/internal/service/pub.go:63.2,69.8 2 1
repub/internal/service/pub.go:72.123,83.2 1 1
repub/internal/service/pub.go:85.103,90.16 4 1
repub/internal/service/pub.go:90.16,92.3 1 1
repub/internal/service/pub.go:94.2,94.22 1 1
repub/internal/service/pub.go:98.124,103.25 3 1
repub/internal/service/pub.go:103.25,104.94 1 1
repub/internal/service/pub.go:104.94,106.58 1 1
repub/internal/service/pub.go:106.58,107.67 1 1
repub/internal/service/pub.go:107.67,113.6 1 0
repub/internal/service/pub.go:114.10,120.5 1 0
repub/internal/service/pub.go:121.9,127.4 1 0
repub/internal/service/pub.go:128.8,134.3 1 0
repub/internal/service/pub.go:136.2,142.3 1 1
repub/internal/service/pub.go:145.120,147.16 2 0
repub/internal/service/pub.go:147.16,149.3 1 0
repub/internal/service/pub.go:150.2,150.16 1 0
repub/internal/service/pub.go:150.16,152.3 1 0
repub/internal/service/pub.go:154.2,155.16 2 0
repub/internal/service/pub.go:155.16,157.3 1 0
repub/internal/service/pub.go:159.2,159.29 1 0
repub/internal/service/pub.go:159.29,160.27 1 0
repub/internal/service/pub.go:160.27,163.4 2 0
repub/internal/service/pub.go:166.2,166.17 1 0
repub/internal/service/pub.go:169.101,171.16 2 0
repub/internal/service/pub.go:171.16,173.3 1 0
repub/internal/service/pub.go:174.2,174.16 1 0
repub/internal/service/pub.go:174.16,176.3 1 0
repub/internal/service/pub.go:178.2,179.16 2 0
repub/internal/service/pub.go:179.16,181.3 1 0
repub/internal/service/pub.go:183.2,183.29 1 0
repub/internal/service/pub.go:183.29,184.27 1 0
repub/internal/service/pub.go:184.27,187.18 2 0
repub/internal/service/pub.go:187.18,189.5 1 0
repub/internal/service/pub.go:190.4,190.20 1 0
repub/internal/service/pub.go:194.2,194.45 1 0
repub/internal/service/pub.go:197.110,204.2 1 0
repub/internal/service/pub.go:206.36,207.14 1 1
repub/internal/service/pub.go:207.14,209.3 1 1
repub/internal/service/pub.go:210.2,210.11 1 1
repub/internal/repository/pubspec/parser.go:15.39,17.2 1 1
repub/internal/repository/pubspec/parser.go:19.104,20.42 1 1
repub/internal/repository/pubspec/parser.go:20.42,22.3 1 1
repub/internal/repository/pubspec/parser.go:25.2,26.70 2 1
repub/internal/repository/pubspec/parser.go:26.70,28.3 1 1
repub/internal/repository/pubspec/parser.go:31.2,31.57 1 1
repub/internal/repository/pubspec/parser.go:31.57,33.3 1 1
repub/internal/repository/pubspec/parser.go:35.2,35.22 1 1
repub/internal/repository/pubspec/parser.go:38.96,39.24 1 1
repub/internal/repository/pubspec/parser.go:39.24,41.3 1 1
repub/internal/repository/pubspec/parser.go:43.2,43.27 1 1
repub/internal/repository/pubspec/parser.go:43.27,45.3 1 1
repub/internal/repository/pubspec/parser.go:48.2,48.39 1 1
repub/internal/repository/pubspec/parser.go:48.39,50.3 1 1
repub/internal/repository/pubspec/parser.go:53.2,53.38 1 1
repub/internal/repository/pubspec/parser.go:53.38,55.3 1 1
repub/internal/repository/pubspec/parser.go:57.2,57.12 1 1
repub/internal/repository/pubspec/parser.go:61.133,65.46 2 1
repub/internal/repository/pubspec/parser.go:65.46,67.17 2 1
repub/internal/repository/pubspec/parser.go:67.17,69.4 1 1
repub/internal/repository/pubspec/parser.go:70.3,70.30 1 1
repub/internal/repository/pubspec/parser.go:74.2,74.49 1 1
repub/internal/repository/pubspec/parser.go:74.49,76.17 2 1
repub/internal/repository/pubspec/parser.go:76.17,78.4 1 1
repub/internal/repository/pubspec/parser.go:79.3,79.30 1 1
repub/internal/repository/pubspec/parser.go:82.2,82.26 1 1
repub/internal/repository/pubspec/parser.go:85.102,86.25 1 1
repub/internal/repository/pubspec/parser.go:87.14,89.45 1 1
repub/internal/repository/pubspec/parser.go:90.30,96.29 2 1
repub/internal/repository/pubspec/parser.go:96.29,97.15 1 1
repub/internal/repository/pubspec/parser.go:98.19,99.38 1 1
repub/internal/repository/pubspec/parser.go:99.38,101.6 1 1
repub/internal/repository/pubspec/parser.go:102.18,103.38 1 1
repub/internal/repository/pubspec/parser.go:103.38,105.6 1 1
repub/internal/repository/pubspec/parser.go:106.15,107.57 1 1
repub/internal/repository/pubspec/parser.go:107.57,109.47 2 1
repub/internal/repository/pubspec/parser.go:109.47,111.7 1 1
repub/internal/repository/pubspec/parser.go:112.6,112.47 1 1
repub/internal/repository/pubspec/parser.go:112.47,114.7 1 1
repub/internal/repository/pubspec/parser.go:115.6,115.49 1 1
repub/internal/repository/pubspec/parser.go:115.49,117.7 1 1
repub/internal/repository/pubspec/parser.go:118.6,118.26 1 1
repub/internal/repository/pubspec/parser.go:120.16,121.38 1 1
repub/internal/repository/pubspec/parser.go:121.38,123.6 1 1
repub/internal/repository/pubspec/parser.go:124.15,125.38 1 1
repub/internal/repository/pubspec/parser.go:125.38,127.6 1 1
repub/internal/repository/pubspec/parser.go:128.12,129.34 1 1
repub/internal/repository/pubspec/parser.go:133.3,133.25 1 1
repub/internal/repository/pubspec/parser.go:134.10,135.71 1 1
repub/internal/repository/pubspec/parser.go:140.43,141.38 1 1
repub/internal/repository/pubspec/parser.go:141.38,143.3 1 1
repub/internal/repository/pubspec/parser.go:146.2,147.82 2 1
repub/internal/repository/pubspec/parser.go:147.82,149.3 1 1
repub/internal/repository/pubspec/parser.go:152.2,152.28 1 1
repub/internal/repository/pubspec/parser.go:152.28,153.108 1 1
repub/internal/repository/pubspec/parser.go:153.108,155.4 1 1
repub/internal/repository/pubspec/parser.go:158.2,158.13 1 1
repub/internal/repository/pubspec/parser.go:162.42,163.23 1 1
repub/internal/repository/pubspec/parser.go:163.23,165.3 1 1
repub/internal/repository/pubspec/parser.go:168.2,169.20 2 1
repub/internal/repository/pubspec/parser.go:169.20,171.3 1 1
repub/internal/repository/pubspec/parser.go:174.2,174.29 1 1
repub/internal/repository/pubspec/parser.go:174.29,175.21 1 1
repub/internal/repository/pubspec/parser.go:175.21,177.4 1 1
repub/internal/repository/pubspec/parser.go:179.3,179.65 1 1
repub/internal/repository/pubspec/parser.go:179.65,180.12 1 1
repub/internal/repository/pubspec/parser.go:183.3,183.37 1 1
repub/internal/repository/pubspec/parser.go:183.37,185.4 1 1
repub/internal/repository/pubspec/parser.go:188.2,188.13 1 1
repub/cmd/server/handlers.go:13.68,14.54 1 1
repub/cmd/server/handlers.go:14.54,18.17 3 1
repub/cmd/server/handlers.go:18.17,21.4 2 1
repub/cmd/server/handlers.go:23.3,23.17 1 1
repub/cmd/server/handlers.go:23.17,26.4 2 1
repub/cmd/server/handlers.go:28.3,29.56 2 1
repub/cmd/server/handlers.go:29.56,32.4 2 0
repub/cmd/server/handlers.go:36.75,37.54 1 1
repub/cmd/server/handlers.go:37.54,45.61 3 1
repub/cmd/server/handlers.go:45.61,48.4 2 0
repub/cmd/server/handlers.go:52.71,53.54 1 1
repub/cmd/server/handlers.go:53.54,57.17 3 1
repub/cmd/server/handlers.go:57.17,61.4 3 0
repub/cmd/server/handlers.go:63.3,64.63 2 1
repub/cmd/server/handlers.go:64.63,67.4 2 0
repub/cmd/server/handlers.go:71.75,72.54 1 1
repub/cmd/server/handlers.go:72.54,77.17 4 0
repub/cmd/server/handlers.go:77.17,81.4 3 0
repub/cmd/server/handlers.go:83.3,83.25 1 0
repub/cmd/server/handlers.go:83.25,86.4 2 0
repub/cmd/server/handlers.go:88.3,89.64 2 0
repub/cmd/server/handlers.go:89.64,92.4 2 0
repub/cmd/server/handlers.go:96.73,97.54 1 1
repub/cmd/server/handlers.go:97.54,102.17 4 0
repub/cmd/server/handlers.go:102.17,106.4 3 0
repub/cmd/server/handlers.go:108.3,110.42 3 0
repub/cmd/server/handlers.go:110.42,112.4 1 0
repub/cmd/server/handlers.go:116.71,117.54 1 1
repub/cmd/server/handlers.go:117.54,119.18 2 0
repub/cmd/server/handlers.go:119.18,122.4 2 0
repub/cmd/server/handlers.go:126.3,133.61 3 0
repub/cmd/server/handlers.go:133.61,136.4 2 0
repub/cmd/server/handlers.go:140.38,141.54 1 1
repub/cmd/server/handlers.go:141.54,143.66 2 1
repub/cmd/server/handlers.go:143.66,146.4 2 0
repub/cmd/server/handlers.go:150.70,151.54 1 1
repub/cmd/server/handlers.go:151.54,153.17 2 1
repub/cmd/server/handlers.go:153.17,157.4 3 1
repub/cmd/server/handlers.go:159.3,160.81 2 1
repub/cmd/server/handlers.go:160.81,163.4 2 0
repub/cmd/server/handlers.go:167.71,168.54 1 1
repub/cmd/server/handlers.go:168.54,172.17 3 1
repub/cmd/server/handlers.go:172.17,176.4 3 1
repub/cmd/server/handlers.go:178.3,178.17 1 1
repub/cmd/server/handlers.go:178.17,181.4 2 1
repub/cmd/server/handlers.go:183.3,184.77 2 1
repub/cmd/server/handlers.go:184.77,187.4 2 0
repub/cmd/server/handlers.go:191.71,192.54 1 1
repub/cmd/server/handlers.go:192.54,197.94 4 1
repub/cmd/server/handlers.go:197.94,200.4 2 0
repub/cmd/server/main.go:20.13,25.16 3 0
repub/cmd/server/main.go:25.16,27.3 1 0
repub/cmd/server/main.go:28.2,28.15 1 0
repub/cmd/server/main.go:28.15,29.40 1 0
repub/cmd/server/main.go:29.40,31.4 1 0
repub/cmd/server/main.go:34.2,34.38 1 0
repub/cmd/server/main.go:34.38,36.3 1 0
repub/cmd/server/main.go:39.2,54.49 9 0
repub/cmd/server/main.go:57.83,68.37 7 1
repub/cmd/server/main.go:68.37,69.43 1 1
repub/cmd/server/main.go:69.43,75.31 4 1
repub/cmd/server/main.go:75.31,79.5 3 1
repub/cmd/server/main.go:84.2,95.10 7 1
repub/cmd/server/middleware.go:15.82,16.46 1 1
repub/cmd/server/middleware.go:16.46,17.72 1 1
repub/cmd/server/middleware.go:17.72,21.18 3 1
repub/cmd/server/middleware.go:21.18,25.5 3 1
repub/cmd/server/middleware.go:28.4,29.41 2 1
repub/cmd/server/middleware.go:35.89,36.46 1 1
repub/cmd/server/middleware.go:36.46,37.72 1 1
repub/cmd/server/middleware.go:37.72,41.18 3 1
repub/cmd/server/middleware.go:41.18,45.5 3 1
repub/cmd/server/middleware.go:48.4,49.41 2 1
repub/cmd/server/middleware.go:55.90,58.2 2 1
repub/cmd/server/middleware.go:61.60,63.9 2 1
repub/cmd/server/middleware.go:63.9,65.3 1 1
repub/cmd/server/middleware.go:66.2,66.13 1 1
repub/cmd/server/middleware.go:70.80,71.46 1 1
repub/cmd/server/middleware.go:71.46,72.72 1 1
repub/cmd/server/middleware.go:72.72,75.24 2 1
repub/cmd/server/middleware.go:75.24,77.19 2 1
repub/cmd/server/middleware.go:77.19,81.6 2 1
repub/cmd/server/middleware.go:85.4,85.24 1 1
repub/internal/config/config.go:17.21,25.2 1 1
repub/internal/config/config.go:27.45,28.32 1 1
repub/internal/config/config.go:29.15,30.25 1 1
repub/internal/config/config.go:31.14,32.24 1 1
repub/internal/config/config.go:33.25,34.24 1 1
repub/internal/config/config.go:35.15,36.25 1 1
repub/internal/config/config.go:37.10,38.24 1 1
repub/internal/config/config.go:42.46,43.42 1 1
repub/internal/config/config.go:43.42,45.3 1 1
repub/internal/config/config.go:46.2,46.21 1 1
repub/internal/db/db.go:19.28,21.2 1 0
repub/internal/db/db.go:27.47,31.2 1 0
repub/internal/db/queries.sql.go:24.95,27.2 2 0
repub/internal/db/queries.sql.go:40.96,51.2 4 0
repub/internal/db/queries.sql.go:71.117,95.2 4 0
repub/internal/db/queries.sql.go:104.105,120.2 4 0
repub/internal/db/queries.sql.go:126.81,137.2 4 0
repub/internal/db/queries.sql.go:143.95,145.16 2 0
repub/internal/db/queries.sql.go:145.16,147.3 1 0
repub/internal/db/queries.sql.go:148.2,150.18 3 0
repub/internal/db/queries.sql.go:150.18,152.46 2 0
repub/internal/db/queries.sql.go:152.46,154.4 1 0
repub/internal/db/queries.sql.go:155.3,155.34 1 0
repub/internal/db/queries.sql.go:157.2,157.37 1 0
repub/internal/db/queries.sql.go:157.37,159.3 1 0
repub/internal/db/queries.sql.go:160.2,160.35 1 0
repub/internal/db/queries.sql.go:160.35,162.3 1 0
repub/internal/db/queries.sql.go:163.2,163.19 1 0
repub/internal/db/queries.sql.go:172.102,174.16 2 0
repub/internal/db/queries.sql.go:174.16,176.3 1 0
repub/internal/db/queries.sql.go:177.2,179.18 3 0
repub/internal/db/queries.sql.go:179.18,192.17 2 0
repub/internal/db/queries.sql.go:192.17,194.4 1 0
repub/internal/db/queries.sql.go:195.3,195.27 1 0
repub/internal/db/queries.sql.go:197.2,197.37 1 0
repub/internal/db/queries.sql.go:197.37,199.3 1 0
repub/internal/db/queries.sql.go:200.2,200.35 1 0
repub/internal/db/queries.sql.go:200.35,202.3 1 0
repub/internal/db/queries.sql.go:203.2,203.19 1 0
repub/internal/db/queries.sql.go:217.96,219.16 2 0
repub/internal/db/queries.sql.go:219.16,221.3 1 0
repub/internal/db/queries.sql.go:222.2,224.18 3 0
repub/internal/db/queries.sql.go:224.18,232.17 2 0
repub/internal/db/queries.sql.go:232.17,234.4 1 0
repub/internal/db/queries.sql.go:235.3,235.27 1 0
repub/internal/db/queries.sql.go:237.2,237.37 1 0
repub/internal/db/queries.sql.go:237.37,239.3 1 0
repub/internal/db/queries.sql.go:240.2,240.35 1 0
repub/internal/db/queries.sql.go:240.35,242.3 1 0
repub/internal/db/queries.sql.go:243.2,243.19 1 0
repub/web/templates/base_templ.go:11.66,12.131 1 0
repub/web/templates/base_templ.go:12.131,14.71 2 0
repub/web/templates/base_templ.go:14.71,16.4 1 0
repub/web/templates/base_templ.go:17.3,18.31 2 0
repub/web/templates/base_templ.go:18.31,19.17 1 0
repub/web/templates/base_templ.go:19.17,21.34 2 0
repub/web/templates/base_templ.go:21.34,23.6 1 0
repub/web/templates/base_templ.go:26.3,28.33 3 0
repub/web/templates/base_templ.go:28.33,30.4 1 0
repub/web/templates/base_templ.go:31.3,33.32 3 0
repub/web/templates/base_templ.go:33.32,35.4 1 0
repub/web/templates/base_templ.go:36.3,38.32 3 0
repub/web/templates/base_templ.go:38.32,40.4 1 0
repub/web/templates/base_templ.go:41.3,42.32 2 0
repub/web/templates/base_templ.go:42.32,44.4 1 0
repub/web/templates/base_templ.go:45.3,46.32 2 0
repub/web/templates/base_templ.go:46.32,48.4 1 0
repub/web/templates/base_templ.go:49.3,50.32 2 0
repub/web/templates/base_templ.go:50.32,52.4 1 0
repub/web/templates/base_templ.go:53.3,54.32 2 0
repub/web/templates/base_templ.go:54.32,56.4 1 0
repub/web/templates/base_templ.go:57.3,57.13 1 0
repub/web/templates/index_templ.go:11.30,12.131 1 0
repub/web/templates/index_templ.go:12.131,14.71 2 0
repub/web/templates/index_templ.go:14.71,16.4 1 0
repub/web/templates/index_templ.go:17.3,18.31 2 0
repub/web/templates/index_templ.go:18.31,19.17 1 0
repub/web/templates/index_templ.go:19.17,21.34 2 0
repub/web/templates/index_templ.go:21.34,23.6 1 0
repub/web/templates/index_templ.go:26.3,28.33 3 0
repub/web/templates/index_templ.go:28.33,30.4 1 0
repub/web/templates/index_templ.go:31.3,33.32 3 0
repub/web/templates/index_templ.go:33.32,35.4 1 0
repub/web/templates/index_templ.go:36.3,36.13 1 0
repub/web/templates/index_templ.go:40.37,41.131 1 0
repub/web/templates/index_templ.go:41.131,43.71 2 0
repub/web/templates/index_templ.go:43.71,45.4 1 0
repub/web/templates/index_templ.go:46.3,47.31 2 0
repub/web/templates/index_templ.go:47.31,48.17 1 0
repub/web/templates/index_templ.go:48.17,50.34 2 0
repub/web/templates/index_templ.go:50.34,52.6 1 0
repub/web/templates/index_templ.go:55.3,57.33 3 0
repub/web/templates/index_templ.go:57.33,59.4 1 0
repub/web/templates/index_templ.go:60.3,62.32 3 0
repub/web/templates/index_templ.go:62.32,64.4 1 0
repub/web/templates/index_templ.go:65.3,65.13 1 0
repub/web/templates/package_templ.go:13.65,14.131 1 0
repub/web/templates/package_templ.go:14.131,16.71 2 0
repub/web/templates/package_templ.go:16.71,18.4 1 0
repub/web/templates/package_templ.go:19.3,20.31 2 0
repub/web/templates/package_templ.go:20.31,21.17 1 0
repub/web/templates/package_templ.go:21.17,23.34 2 0
repub/web/templates/package_templ.go:23.34,25.6 1 0
repub/web/templates/package_templ.go:28.3,30.33 3 0
repub/web/templates/package_templ.go:30.33,32.4 1 0
repub/web/templates/package_templ.go:33.3,35.32 3 0
repub/web/templates/package_templ.go:35.32,37.4 1 0
repub/web/templates/package_templ.go:38.3,38.13 1 0
repub/web/templates/package_templ.go:42.72,43.131 1 0
repub/web/templates/package_templ.go:43.131,45.71 2 0
repub/web/templates/package_templ.go:45.71,47.4 1 0
repub/web/templates/package_templ.go:48.3,49.31 2 0
repub/web/templates/package_templ.go:49.31,50.17 1 0
repub/web/templates/package_templ.go:50.17,52.34 2 0
repub/web/templates/package_templ.go:52.34,54.6 1 0
repub/web/templates/package_templ.go:57.3,59.33 3 0
repub/web/templates/package_templ.go:59.33,61.4 1 0
repub/web/templates/package_templ.go:62.3,64.32 3 0
repub/web/templates/package_templ.go:64.32,66.4 1 0
repub/web/templates/package_templ.go:67.3,69.32 3 0
repub/web/templates/package_templ.go:69.32,71.4 1 0
repub/web/templates/package_templ.go:72.3,73.32 2 0
repub/web/templates/package_templ.go:73.32,75.4 1 0
repub/web/templates/package_templ.go:76.3,77.32 2 0
repub/web/templates/package_templ.go:77.32,79.4 1 0
repub/web/templates/package_templ.go:80.3,82.32 3 0
repub/web/templates/package_templ.go:82.32,84.4 1 0
repub/web/templates/package_templ.go:85.3,86.32 2 0
repub/web/templates/package_templ.go:86.32,88.4 1 0
repub/web/templates/package_templ.go:89.3,90.32 2 0
repub/web/templates/package_templ.go:90.32,92.4 1 0
repub/web/templates/package_templ.go:93.3,93.32 1 0
repub/web/templates/package_templ.go:93.32,94.73 1 0
repub/web/templates/package_templ.go:94.73,96.34 2 0
repub/web/templates/package_templ.go:96.34,98.6 1 0
repub/web/templates/package_templ.go:99.5,101.34 3 0
repub/web/templates/package_templ.go:101.34,103.6 1 0
repub/web/templates/package_templ.go:104.5,105.34 2 0
repub/web/templates/package_templ.go:105.34,107.6 1 0
repub/web/templates/package_templ.go:108.5,109.34 2 0
repub/web/templates/package_templ.go:109.34,111.6 1 0
repub/web/templates/package_templ.go:114.3,115.32 2 0
repub/web/templates/package_templ.go:115.32,117.4 1 0
repub/web/templates/package_templ.go:118.3,120.32 3 0
repub/web/templates/package_templ.go:120.32,122.4 1 0
repub/web/templates/package_templ.go:123.3,124.32 2 0
repub/web/templates/package_templ.go:124.32,126.4 1 0
repub/web/templates/package_templ.go:127.3,128.32 2 0
repub/web/templates/package_templ.go:128.32,130.4 1 0
repub/web/templates/package_templ.go:131.3,133.32 3 0
repub/web/templates/package_templ.go:133.32,135.4 1 0
repub/web/templates/package_templ.go:136.3,137.32 2 0
repub/web/templates/package_templ.go:137.32,139.4 1 0
repub/web/templates/package_templ.go:140.3,141.32 2 0
repub/web/templates/package_templ.go:141.32,143.4 1 0
repub/web/templates/package_templ.go:144.3,144.40 1 0
repub/web/templates/package_templ.go:144.40,146.33 2 0
repub/web/templates/package_templ.go:146.33,148.5 1 0
repub/web/templates/package_templ.go:149.4,151.33 3 0
repub/web/templates/package_templ.go:151.33,153.5 1 0
repub/web/templates/package_templ.go:154.4,155.33 2 0
repub/web/templates/package_templ.go:155.33,157.5 1 0
repub/web/templates/package_templ.go:158.4,159.33 2 0
repub/web/templates/package_templ.go:159.33,161.5 1 0
repub/web/templates/package_templ.go:162.4,164.33 3 0
repub/web/templates/package_templ.go:164.33,166.5 1 0
repub/web/templates/package_templ.go:167.4,168.33 2 0
repub/web/templates/package_templ.go:168.33,170.5 1 0
repub/web/templates/package_templ.go:171.4,172.33 2 0
repub/web/templates/package_templ.go:172.33,174.5 1 0
repub/web/templates/package_templ.go:175.4,177.33 3 0
repub/web/templates/package_templ.go:177.33,179.5 1 0
repub/web/templates/package_templ.go:180.4,181.33 2 0
repub/web/templates/package_templ.go:181.33,183.5 1 0
repub/web/templates/package_templ.go:184.4,185.33 2 0
repub/web/templates/package_templ.go:185.33,187.5 1 0
repub/web/templates/package_templ.go:189.3,190.32 2 0
repub/web/templates/package_templ.go:190.32,192.4 1 0
repub/web/templates/package_templ.go:193.3,193.13 1 0
repub/web/templates/packages_templ.go:13.63,14.131 1 0
repub/web/templates/packages_templ.go:14.131,16.71 2 0
repub/web/templates/packages_templ.go:16.71,18.4 1 0
repub/web/templates/packages_templ.go:19.3,20.31 2 0
repub/web/templates/packages_templ.go:20.31,21.17 1 0
repub/web/templates/packages_templ.go:21.17,23.34 2 0
repub/web/templates/packages_templ.go:23.34,25.6 1 0
repub/web/templates/packages_templ.go:28.3,30.33 3 0
repub/web/templates/packages_templ.go:30.33,32.4 1 0
repub/web/templates/packages_templ.go:33.3,35.32 3 0
repub/web/templates/packages_templ.go:35.32,37.4 1 0
repub/web/templates/packages_templ.go:38.3,38.13 1 0
repub/web/templates/packages_templ.go:42.66,43.131 1 0
repub/web/templates/packages_templ.go:43.131,45.71 2 0
repub/web/templates/packages_templ.go:45.71,47.4 1 0
repub/web/templates/packages_templ.go:48.3,49.31 2 0
repub/web/templates/packages_templ.go:49.31,50.17 1 0
repub/web/templates/packages_templ.go:50.17,52.34 2 0
repub/web/templates/packages_templ.go:52.34,54.6 1 0
repub/web/templates/packages_templ.go:57.3,59.33 3 0
repub/web/templates/packages_templ.go:59.33,61.4 1 0
repub/web/templates/packages_templ.go:62.3,64.32 3 0
repub/web/templates/packages_templ.go:64.32,66.4 1 0
repub/web/templates/packages_templ.go:67.3,67.25 1 0
repub/web/templates/packages_templ.go:67.25,69.33 2 0
repub/web/templates/packages_templ.go:69.33,71.5 1 0
repub/web/templates/packages_templ.go:72.9,73.33 1 0
repub/web/templates/packages_templ.go:73.33,75.34 2 0
repub/web/templates/packages_templ.go:75.34,77.6 1 0
repub/web/templates/packages_templ.go:78.5,80.34 3 0
repub/web/templates/packages_templ.go:80.34,82.6 1 0
repub/web/templates/packages_templ.go:83.5,84.34 2 0
repub/web/templates/packages_templ.go:84.34,86.6 1 0
repub/web/templates/packages_templ.go:87.5,88.34 2 0
repub/web/templates/packages_templ.go:88.34,90.6 1 0
repub/web/templates/packages_templ.go:91.5,93.34 3 0
repub/web/templates/packages_templ.go:93.34,95.6 1 0
repub/web/templates/packages_templ.go:96.5,97.34 2 0
repub/web/templates/packages_templ.go:97.34,99.6 1 0
repub/web/templates/packages_templ.go:100.5,101.34 2 0
repub/web/templates/packages_templ.go:101.34,103.6 1 0
repub/web/templates/packages_templ.go:104.5,106.34 3 0
repub/web/templates/packages_templ.go:106.34,108.6 1 0
repub/web/templates/packages_templ.go:109.5,110.34 2 0
repub/web/templates/packages_templ.go:110.34,112.6 1 0
repub/web/templates/packages_templ.go:113.5,114.34 2 0
repub/web/templates/packages_templ.go:114.34,116.6 1 0
repub/web/templates/packages_templ.go:117.5,117.20 1 0
repub/web/templates/packages_templ.go:117.20,119.35 2 0
repub/web/templates/packages_templ.go:119.35,121.7 1 0
repub/web/templates/packages_templ.go:123.5,124.34 2 0
repub/web/templates/packages_templ.go:124.34,126.6 1 0
repub/web/templates/packages_templ.go:129.3,130.32 2 0
repub/web/templates/packages_templ.go:130.32,132.4 1 0
repub/web/templates/packages_templ.go:133.3,133.13 1 0
repub/web/templates/version_templ.go:11.65,12.131 1 0
repub/web/templates/version_templ.go:12.131,14.71 2 0
repub/web/templates/version_templ.go:14.71,16.4 1 0
repub/web/templates/version_templ.go:17.3,18.31 2 0
repub/web/templates/version_templ.go:18.31,19.17 1 0
repub/web/templates/version_templ.go:19.17,21.34 2 0
repub/web/templates/version_templ.go:21.34,23.6 1 0
repub/web/templates/version_templ.go:26.3,28.33 3 0
repub/web/templates/version_templ.go:28.33,30.4 1 0
repub/web/templates/version_templ.go:31.3,33.32 3 0
repub/web/templates/version_templ.go:33.32,35.4 1 0
repub/web/templates/version_templ.go:36.3,36.13 1 0
repub/web/templates/version_templ.go:40.72,41.131 1 0
repub/web/templates/version_templ.go:41.131,43.71 2 0
repub/web/templates/version_templ.go:43.71,45.4 1 0
repub/web/templates/version_templ.go:46.3,47.31 2 0
repub/web/templates/version_templ.go:47.31,48.17 1 0
repub/web/templates/version_templ.go:48.17,50.34 2 0
repub/web/templates/version_templ.go:50.34,52.6 1 0
repub/web/templates/version_templ.go:55.3,57.33 3 0
repub/web/templates/version_templ.go:57.33,59.4 1 0
repub/web/templates/version_templ.go:60.3,62.32 3 0
repub/web/templates/version_templ.go:62.32,64.4 1 0
repub/web/templates/version_templ.go:65.3,67.32 3 0
repub/web/templates/version_templ.go:67.32,69.4 1 0
repub/web/templates/version_templ.go:70.3,71.32 2 0
repub/web/templates/version_templ.go:71.32,73.4 1 0
repub/web/templates/version_templ.go:74.3,75.32 2 0
repub/web/templates/version_templ.go:75.32,77.4 1 0
repub/web/templates/version_templ.go:78.3,80.32 3 0
repub/web/templates/version_templ.go:80.32,82.4 1 0
repub/web/templates/version_templ.go:83.3,84.32 2 0
repub/web/templates/version_templ.go:84.32,86.4 1 0
repub/web/templates/version_templ.go:87.3,88.32 2 0
repub/web/templates/version_templ.go:88.32,90.4 1 0
repub/web/templates/version_templ.go:91.3,93.32 3 0
repub/web/templates/version_templ.go:93.32,95.4 1 0
repub/web/templates/version_templ.go:96.3,97.32 2 0
repub/web/templates/version_templ.go:97.32,99.4 1 0
repub/web/templates/version_templ.go:100.3,101.32 2 0
repub/web/templates/version_templ.go:101.32,103.4 1 0
repub/web/templates/version_templ.go:104.3,106.32 3 0
repub/web/templates/version_templ.go:106.32,108.4 1 0
repub/web/templates/version_templ.go:109.3,110.32 2 0
repub/web/templates/version_templ.go:110.32,112.4 1 0
repub/web/templates/version_templ.go:113.3,114.32 2 0
repub/web/templates/version_templ.go:114.32,116.4 1 0
repub/web/templates/version_templ.go:117.3,119.32 3 0
repub/web/templates/version_templ.go:119.32,121.4 1 0
repub/web/templates/version_templ.go:122.3,123.32 2 0
repub/web/templates/version_templ.go:123.32,125.4 1 0
repub/web/templates/version_templ.go:126.3,127.32 2 0
repub/web/templates/version_templ.go:127.32,129.4 1 0
repub/web/templates/version_templ.go:130.3,132.32 3 0
repub/web/templates/version_templ.go:132.32,134.4 1 0
repub/web/templates/version_templ.go:135.3,136.32 2 0
repub/web/templates/version_templ.go:136.32,138.4 1 0
repub/web/templates/version_templ.go:139.3,140.32 2 0
repub/web/templates/version_templ.go:140.32,142.4 1 0
repub/web/templates/version_templ.go:143.3,143.13 1 0
repub/internal/testutil/schema.go:14.57,16.16 2 0
repub/internal/testutil/schema.go:16.16,18.3 1 0
repub/internal/testutil/schema.go:21.2,22.16 2 0
repub/internal/testutil/schema.go:22.16,24.3 1 0
repub/internal/testutil/schema.go:26.2,26.57 1 0
repub/internal/testutil/schema.go:26.57,28.3 1 0
repub/internal/testutil/schema.go:30.2,31.26 2 0
repub/internal/repository/pkg/postgres.go:14.63,16.2 1 1
repub/internal/repository/pkg/postgres.go:18.107,20.16 2 1
repub/internal/repository/pkg/postgres.go:20.16,21.27 1 1
repub/internal/repository/pkg/postgres.go:21.27,23.4 1 1
repub/internal/repository/pkg/postgres.go:24.3,24.18 1 0
repub/internal/repository/pkg/postgres.go:27.2,33.8 1 1
repub/internal/repository/pkg/postgres.go:36.124,41.16 2 1
repub/internal/repository/pkg/postgres.go:41.16,43.3 1 0
repub/internal/repository/pkg/postgres.go:45.2,51.8 1 1
repub/internal/repository/pkg/postgres.go:54.119,59.16 2 1
repub/internal/repository/pkg/postgres.go:59.16,61.3 1 0
repub/internal/repository/pkg/postgres.go:63.2,64.31 2 1
repub/internal/repository/pkg/postgres.go:64.31,72.3 1 1
repub/internal/repository/pkg/postgres.go:74.2,74.20 1 1
repub/internal/repository/pkg/postgres.go:77.128,79.16 2 1
repub/internal/repository/pkg/postgres.go:79.16,81.3 1 0
repub/internal/repository/pkg/postgres.go:83.2,84.29 2 1
repub/internal/repository/pkg/postgres.go:84.29,97.3 1 1
repub/internal/repository/pkg/postgres.go:99.2,99.20 1 1
repub/internal/repository/pkg/postgres.go:102.124,104.16 2 1
repub/internal/repository/pkg/postgres.go:104.16,105.27 1 1
repub/internal/repository/pkg/postgres.go:105.27,107.4 1 1
repub/internal/repository/pkg/postgres.go:108.3,108.18 1 0
repub/internal/repository/pkg/postgres.go:111.2,122.8 1 1
repub/internal/repository/pkg/postgres.go:125.136,127.32 2 1
repub/internal/repository/pkg/postgres.go:127.32,129.3 1 1
repub/internal/repository/pkg/postgres.go:131.2,132.34 2 1
repub/internal/repository/pkg/postgres.go:132.34,134.3 1 1
repub/internal/repository/pkg/postgres.go:136.2,137.29 2 1
repub/internal/repository/pkg/postgres.go:137.29,139.3 1 1
repub/internal/repository/pkg/postgres.go:141.2,150.16 2 1
repub/internal/repository/pkg/postgres.go:150.16,152.3 1 0
repub/internal/repository/pkg/postgres.go:154.2,165.8 1 1
repub/internal/repository/pkg/postgres.go:168.106,171.2 2 1
repub/internal/repository/pkg/postgres.go:173.110,178.2 1 1
repub/internal/repository/pkg/postgres.go:180.49,181.14 1 1
repub/internal/repository/pkg/postgres.go:181.14,183.3 1 1
repub/internal/repository/pkg/postgres.go:184.2,184.12 1 1
