mode: set
repub/internal/repository/pubspec/parser.go:15.39,17.2 1 1
repub/internal/repository/pubspec/parser.go:19.104,20.42 1 1
repub/internal/repository/pubspec/parser.go:20.42,22.3 1 1
repub/internal/repository/pubspec/parser.go:25.2,26.70 2 1
repub/internal/repository/pubspec/parser.go:26.70,28.3 1 1
repub/internal/repository/pubspec/parser.go:31.2,31.57 1 1
repub/internal/repository/pubspec/parser.go:31.57,33.3 1 1
repub/internal/repository/pubspec/parser.go:35.2,35.22 1 1
repub/internal/repository/pubspec/parser.go:38.96,39.24 1 1
repub/internal/repository/pubspec/parser.go:39.24,41.3 1 1
repub/internal/repository/pubspec/parser.go:43.2,43.27 1 1
repub/internal/repository/pubspec/parser.go:43.27,45.3 1 1
repub/internal/repository/pubspec/parser.go:48.2,48.39 1 1
repub/internal/repository/pubspec/parser.go:48.39,50.3 1 1
repub/internal/repository/pubspec/parser.go:53.2,53.38 1 1
repub/internal/repository/pubspec/parser.go:53.38,55.3 1 1
repub/internal/repository/pubspec/parser.go:57.2,57.12 1 1
repub/internal/repository/pubspec/parser.go:61.133,65.46 2 1
repub/internal/repository/pubspec/parser.go:65.46,67.17 2 1
repub/internal/repository/pubspec/parser.go:67.17,69.4 1 1
repub/internal/repository/pubspec/parser.go:70.3,70.30 1 1
repub/internal/repository/pubspec/parser.go:74.2,74.49 1 1
repub/internal/repository/pubspec/parser.go:74.49,76.17 2 1
repub/internal/repository/pubspec/parser.go:76.17,78.4 1 1
repub/internal/repository/pubspec/parser.go:79.3,79.30 1 1
repub/internal/repository/pubspec/parser.go:82.2,82.26 1 1
repub/internal/repository/pubspec/parser.go:85.102,86.25 1 1
repub/internal/repository/pubspec/parser.go:87.14,89.45 1 1
repub/internal/repository/pubspec/parser.go:90.30,96.29 2 1
repub/internal/repository/pubspec/parser.go:96.29,97.15 1 1
repub/internal/repository/pubspec/parser.go:98.19,99.38 1 1
repub/internal/repository/pubspec/parser.go:99.38,101.6 1 1
repub/internal/repository/pubspec/parser.go:102.18,103.38 1 1
repub/internal/repository/pubspec/parser.go:103.38,105.6 1 1
repub/internal/repository/pubspec/parser.go:106.15,107.57 1 1
repub/internal/repository/pubspec/parser.go:107.57,109.47 2 1
repub/internal/repository/pubspec/parser.go:109.47,111.7 1 1
repub/internal/repository/pubspec/parser.go:112.6,112.47 1 1
repub/internal/repository/pubspec/parser.go:112.47,114.7 1 1
repub/internal/repository/pubspec/parser.go:115.6,115.49 1 1
repub/internal/repository/pubspec/parser.go:115.49,117.7 1 1
repub/internal/repository/pubspec/parser.go:118.6,118.26 1 1
repub/internal/repository/pubspec/parser.go:120.16,121.38 1 1
repub/internal/repository/pubspec/parser.go:121.38,123.6 1 1
repub/internal/repository/pubspec/parser.go:124.15,125.38 1 1
repub/internal/repository/pubspec/parser.go:125.38,127.6 1 1
repub/internal/repository/pubspec/parser.go:128.12,129.34 1 1
repub/internal/repository/pubspec/parser.go:133.3,133.25 1 1
repub/internal/repository/pubspec/parser.go:134.10,135.71 1 1
repub/internal/repository/pubspec/parser.go:140.43,141.38 1 1
repub/internal/repository/pubspec/parser.go:141.38,143.3 1 1
repub/internal/repository/pubspec/parser.go:146.2,147.82 2 1
repub/internal/repository/pubspec/parser.go:147.82,149.3 1 1
repub/internal/repository/pubspec/parser.go:152.2,152.28 1 1
repub/internal/repository/pubspec/parser.go:152.28,153.108 1 1
repub/internal/repository/pubspec/parser.go:153.108,155.4 1 1
repub/internal/repository/pubspec/parser.go:158.2,158.13 1 1
repub/internal/repository/pubspec/parser.go:162.42,163.23 1 1
repub/internal/repository/pubspec/parser.go:163.23,165.3 1 1
repub/internal/repository/pubspec/parser.go:168.2,169.20 2 1
repub/internal/repository/pubspec/parser.go:169.20,171.3 1 1
repub/internal/repository/pubspec/parser.go:174.2,174.29 1 1
repub/internal/repository/pubspec/parser.go:174.29,175.21 1 1
repub/internal/repository/pubspec/parser.go:175.21,177.4 1 1
repub/internal/repository/pubspec/parser.go:179.3,179.65 1 1
repub/internal/repository/pubspec/parser.go:179.65,180.12 1 1
repub/internal/repository/pubspec/parser.go:183.3,183.37 1 1
repub/internal/repository/pubspec/parser.go:183.37,185.4 1 1
repub/internal/repository/pubspec/parser.go:188.2,188.13 1 1
